app/build/intermediates/manifest_merge_blame_file/debug/manifest-merger-blame-debug-report.txt
1<?xml version="1.0" encoding="utf-8"?>
2<manifest xmlns:android="http://schemas.android.com/apk/res/android"
3    package="com.example.keyboard"
4    android:versionCode="1"
5    android:versionName="1.0" >
6
7    <uses-sdk
8        android:minSdkVersion="19"
8-->src\main\AndroidManifest.xml
9        android:targetSdkVersion="29" />
9-->src\main\AndroidManifest.xml
10
11    <uses-permission android:name="android.permission.SYSTEM_ALERT_WINDOW" />
11-->src\main\AndroidManifest.xml:5:5-77
11-->src\main\AndroidManifest.xml:5:22-75
12    <uses-permission android:name="android.permission.WRITE_EXTERNAL_STORAGE" />
12-->src\main\AndroidManifest.xml:6:5-81
12-->src\main\AndroidManifest.xml:6:22-78
13    <uses-permission android:name="android.permission.READ_EXTERNAL_STORAGE" />
13-->src\main\AndroidManifest.xml:7:5-79
13-->src\main\AndroidManifest.xml:7:22-77
14    <uses-permission android:name="android.permission.NFC" />
14-->src\main\AndroidManifest.xml:8:5-62
14-->src\main\AndroidManifest.xml:8:22-59
15    <uses-permission android:name="android.permission.CAMERA" />
15-->src\main\AndroidManifest.xml:9:5-64
15-->src\main\AndroidManifest.xml:9:22-62
16    <uses-permission android:name="android.permission.READ_CONTACTS" />
16-->src\main\AndroidManifest.xml:10:5-71
16-->src\main\AndroidManifest.xml:10:22-69
17
18    <uses-feature
18-->src\main\AndroidManifest.xml:11:5-12:36
19        android:name="android.hardware.camera"
19-->src\main\AndroidManifest.xml:11:19-57
20        android:required="false" />
20-->src\main\AndroidManifest.xml:12:9-33
21    <uses-feature
21-->src\main\AndroidManifest.xml:15:5-17:36
22        android:name="android.hardware.nfc"
22-->src\main\AndroidManifest.xml:16:9-44
23        android:required="false" />
23-->src\main\AndroidManifest.xml:17:9-33
24
25    <application
25-->src\main\AndroidManifest.xml:19:5-44:19
26        android:allowBackup="true"
26-->src\main\AndroidManifest.xml:20:9-35
27        android:appComponentFactory="androidx.core.app.CoreComponentFactory"
27-->[androidx.core:core:1.1.0] AndroidManifest.xml:24:18-86
28        android:debuggable="true"
29        android:icon="@mipmap/ic_launcher"
29-->src\main\AndroidManifest.xml:21:9-43
30        android:label="@string/app_name"
30-->src\main\AndroidManifest.xml:22:9-41
31        android:roundIcon="@mipmap/ic_launcher_round"
31-->src\main\AndroidManifest.xml:23:9-54
32        android:supportsRtl="true"
32-->src\main\AndroidManifest.xml:24:9-35
33        android:testOnly="true"
34        android:theme="@style/AppTheme" >
34-->src\main\AndroidManifest.xml:25:9-40
35        <activity android:name="com.example.keyboard.MainActivity" >
35-->src\main\AndroidManifest.xml:26:9-32:20
35-->src\main\AndroidManifest.xml:26:19-47
36            <intent-filter>
36-->src\main\AndroidManifest.xml:27:13-31:29
37                <action android:name="android.intent.action.MAIN" />
37-->src\main\AndroidManifest.xml:28:17-69
37-->src\main\AndroidManifest.xml:28:25-66
38
39                <category android:name="android.intent.category.LAUNCHER" />
39-->src\main\AndroidManifest.xml:30:17-77
39-->src\main\AndroidManifest.xml:30:27-74
40            </intent-filter>
41        </activity>
42
43        <service
43-->src\main\AndroidManifest.xml:33:9-43:19
44            android:name="com.example.keyboard.MyInputMethodService"
44-->src\main\AndroidManifest.xml:34:13-49
45            android:label="MyKeyboard"
45-->src\main\AndroidManifest.xml:35:13-39
46            android:permission="android.permission.BIND_INPUT_METHOD" >
46-->src\main\AndroidManifest.xml:36:13-70
47            <intent-filter>
47-->src\main\AndroidManifest.xml:37:13-39:29
48                <action android:name="android.view.InputMethod" />
48-->src\main\AndroidManifest.xml:38:17-66
48-->src\main\AndroidManifest.xml:38:25-64
49            </intent-filter>
50
51            <meta-data
51-->src\main\AndroidManifest.xml:40:13-42:49
52                android:name="android.view.im"
52-->src\main\AndroidManifest.xml:41:17-47
53                android:resource="@xml/method" />
53-->src\main\AndroidManifest.xml:42:17-47
54        </service>
55    </application>
56
57</manifest>